# JRE version: Java(TM) SE Runtime Environment (8.0_162-b12) (build 1.8.0_162-b12)
# Java VM: Java HotSpot(TM) 64-Bit Server VM (25.162-b12 mixed mode windows-amd64 compressed oops)
Heap:
 PSYoungGen      total 163840K, used 110056K [0x00000000ed800000, 0x00000000f8200000, 0x0000000100000000)
  eden space 154624K, 71% used [0x00000000ed800000,0x00000000f437a268,0x00000000f6f00000)
  from space 9216K, 0% used [0x00000000f7900000,0x00000000f7900000,0x00000000f8200000)
  to   space 9728K, 0% used [0x00000000f6f00000,0x00000000f6f00000,0x00000000f7880000)
 ParOldGen       total 135168K, used 86925K [0x00000000c8800000, 0x00000000d0c00000, 0x00000000ed800000)
  object space 135168K, 64% used [0x00000000c8800000,0x00000000cdce3440,0x00000000d0c00000)
 Metaspace       used 31578K, capacity 31902K, committed 32384K, reserved 1077248K
  class space    used 4337K, capacity 4445K, committed 4480K, reserved 1048576K
GC Heap History (10 events):
Event: 103.545 GC heap before
{Heap before GC invocations=36 (full 3):
 PSYoungGen      total 128000K, used 124611K [0x00000000ed800000, 0x00000000f5f00000, 0x0000000100000000)
  eden space 118272K, 100% used [0x00000000ed800000,0x00000000f4b80000,0x00000000f4b80000)
  from space 9728K, 65% used [0x00000000f5500000,0x00000000f5b30d50,0x00000000f5e80000)
  to   space 9728K, 0% used [0x00000000f4b80000,0x00000000f4b80000,0x00000000f5500000)
 ParOldGen       total 90624K, used 68257K [0x00000000c8800000, 0x00000000ce080000, 0x00000000ed800000)
  object space 90624K, 75% used [0x00000000c8800000,0x00000000ccaa8450,0x00000000ce080000)
 Metaspace       used 25589K, capacity 25864K, committed 26240K, reserved 1073152K
  class space    used 3357K, capacity 3453K, committed 3456K, reserved 1048576K
Event: 103.603 GC heap after
Heap after GC invocations=36 (full 3):
 PSYoungGen      total 128000K, used 5383K [0x00000000ed800000, 0x00000000f7480000, 0x0000000100000000)
  eden space 118272K, 0% used [0x00000000ed800000,0x00000000ed800000,0x00000000f4b80000)
  from space 9728K, 55% used [0x00000000f4b80000,0x00000000f50c1c50,0x00000000f5500000)
  to   space 9728K, 0% used [0x00000000f6b00000,0x00000000f6b00000,0x00000000f7480000)
 ParOldGen       total 90624K, used 73542K [0x00000000c8800000, 0x00000000ce080000, 0x00000000ed800000)
  object space 90624K, 81% used [0x00000000c8800000,0x00000000ccfd18f0,0x00000000ce080000)
 Metaspace       used 25589K, capacity 25864K, committed 26240K, reserved 1073152K
  class space    used 3357K, capacity 3453K, committed 3456K, reserved 1048576K
}
Event: 109.489 GC heap before
{Heap before GC invocations=37 (full 3):
 PSYoungGen      total 128000K, used 123645K [0x00000000ed800000, 0x00000000f7480000, 0x0000000100000000)
  eden space 118272K, 99% used [0x00000000ed800000,0x00000000f4b7da90,0x00000000f4b80000)
  from space 9728K, 55% used [0x00000000f4b80000,0x00000000f50c1c50,0x00000000f5500000)
  to   space 9728K, 0% used [0x00000000f6b00000,0x00000000f6b00000,0x00000000f7480000)
 ParOldGen       total 90624K, used 73542K [0x00000000c8800000, 0x00000000ce080000, 0x00000000ed800000)
  object space 90624K, 81% used [0x00000000c8800000,0x00000000ccfd18f0,0x00000000ce080000)
 Metaspace       used 26696K, capacity 26984K, committed 27264K, reserved 1073152K
  class space    used 3567K, capacity 3677K, committed 3712K, reserved 1048576K
Event: 109.555 GC heap after
Heap after GC invocations=37 (full 3):
 PSYoungGen      total 141312K, used 4978K [0x00000000ed800000, 0x00000000f7000000, 0x0000000100000000)
  eden space 136192K, 0% used [0x00000000ed800000,0x00000000ed800000,0x00000000f5d00000)
  from space 5120K, 97% used [0x00000000f6b00000,0x00000000f6fdc9b8,0x00000000f7000000)
  to   space 9216K, 0% used [0x00000000f5e00000,0x00000000f5e00000,0x00000000f6700000)
 ParOldGen       total 90624K, used 77949K [0x00000000c8800000, 0x00000000ce080000, 0x00000000ed800000)
  object space 90624K, 86% used [0x00000000c8800000,0x00000000cd41f768,0x00000000ce080000)
 Metaspace       used 26696K, capacity 26984K, committed 27264K, reserved 1073152K
  class space    used 3567K, capacity 3677K, committed 3712K, reserved 1048576K
}
Event: 115.367 GC heap before
{Heap before GC invocations=38 (full 3):
 PSYoungGen      total 141312K, used 141170K [0x00000000ed800000, 0x00000000f7000000, 0x0000000100000000)
  eden space 136192K, 100% used [0x00000000ed800000,0x00000000f5d00000,0x00000000f5d00000)
  from space 5120K, 97% used [0x00000000f6b00000,0x00000000f6fdc9b8,0x00000000f7000000)
  to   space 9216K, 0% used [0x00000000f5e00000,0x00000000f5e00000,0x00000000f6700000)
 ParOldGen       total 90624K, used 77949K [0x00000000c8800000, 0x00000000ce080000, 0x00000000ed800000)
  object space 90624K, 86% used [0x00000000c8800000,0x00000000cd41f768,0x00000000ce080000)
 Metaspace       used 28419K, capacity 28680K, committed 28928K, reserved 1075200K
  class space    used 3938K, capacity 4029K, committed 4096K, reserved 1048576K
Event: 115.400 GC heap after
Heap after GC invocations=38 (full 3):
 PSYoungGen      total 146432K, used 6214K [0x00000000ed800000, 0x00000000f8200000, 0x0000000100000000)
  eden space 137216K, 0% used [0x00000000ed800000,0x00000000ed800000,0x00000000f5e00000)
  from space 9216K, 67% used [0x00000000f5e00000,0x00000000f64118b8,0x00000000f6700000)
  to   space 9216K, 0% used [0x00000000f7900000,0x00000000f7900000,0x00000000f8200000)
 ParOldGen       total 90624K, used 80951K [0x00000000c8800000, 0x00000000ce080000, 0x00000000ed800000)
  object space 90624K, 89% used [0x00000000c8800000,0x00000000cd70de70,0x00000000ce080000)
 Metaspace       used 28419K, capacity 28680K, committed 28928K, reserved 1075200K
  class space    used 3938K, capacity 4029K, committed 4096K, reserved 1048576K
}
Event: 130.877 GC heap before
{Heap before GC invocations=39 (full 3):
 PSYoungGen      total 146432K, used 143430K [0x00000000ed800000, 0x00000000f8200000, 0x0000000100000000)
  eden space 137216K, 100% used [0x00000000ed800000,0x00000000f5e00000,0x00000000f5e00000)
  from space 9216K, 67% used [0x00000000f5e00000,0x00000000f64118b8,0x00000000f6700000)
  to   space 9216K, 0% used [0x00000000f7900000,0x00000000f7900000,0x00000000f8200000)
 ParOldGen       total 90624K, used 80951K [0x00000000c8800000, 0x00000000ce080000, 0x00000000ed800000)
  object space 90624K, 89% used [0x00000000c8800000,0x00000000cd70de70,0x00000000ce080000)
 Metaspace       used 29956K, capacity 30226K, committed 30720K, reserved 1075200K
  class space    used 4145K, capacity 4267K, committed 4352K, reserved 1048576K
Event: 130.903 GC heap after
Heap after GC invocations=39 (full 3):
 PSYoungGen      total 163840K, used 7211K [0x00000000ed800000, 0x00000000f8200000, 0x0000000100000000)
  eden space 154624K, 0% used [0x00000000ed800000,0x00000000ed800000,0x00000000f6f00000)
  from space 9216K, 78% used [0x00000000f7900000,0x00000000f800af20,0x00000000f8200000)
  to   space 9728K, 0% used [0x00000000f6f00000,0x00000000f6f00000,0x00000000f7880000)
 ParOldGen       total 90624K, used 85510K [0x00000000c8800000, 0x00000000ce080000, 0x00000000ed800000)
  object space 90624K, 94% used [0x00000000c8800000,0x00000000cdb81950,0x00000000ce080000)
 Metaspace       used 29956K, capacity 30226K, committed 30720K, reserved 1075200K
  class space    used 4145K, capacity 4267K, committed 4352K, reserved 1048576K
}
Event: 130.903 GC heap before
{Heap before GC invocations=40 (full 4):
 PSYoungGen      total 163840K, used 7211K [0x00000000ed800000, 0x00000000f8200000, 0x0000000100000000)
  eden space 154624K, 0% used [0x00000000ed800000,0x00000000ed800000,0x00000000f6f00000)
  from space 9216K, 78% used [0x00000000f7900000,0x00000000f800af20,0x00000000f8200000)
  to   space 9728K, 0% used [0x00000000f6f00000,0x00000000f6f00000,0x00000000f7880000)
 ParOldGen       total 90624K, used 85510K [0x00000000c8800000, 0x00000000ce080000, 0x00000000ed800000)
  object space 90624K, 94% used [0x00000000c8800000,0x00000000cdb81950,0x00000000ce080000)
 Metaspace       used 29956K, capacity 30226K, committed 30720K, reserved 1075200K
  class space    used 4145K, capacity 4267K, committed 4352K, reserved 1048576K
Event: 131.487 GC heap after
Heap after GC invocations=40 (full 4):
 PSYoungGen      total 163840K, used 0K [0x00000000ed800000, 0x00000000f8200000, 0x0000000100000000)
  eden space 154624K, 0% used [0x00000000ed800000,0x00000000ed800000,0x00000000f6f00000)
  from space 9216K, 0% used [0x00000000f7900000,0x00000000f7900000,0x00000000f8200000)
  to   space 9728K, 0% used [0x00000000f6f00000,0x00000000f6f00000,0x00000000f7880000)
 ParOldGen       total 135168K, used 86925K [0x00000000c8800000, 0x00000000d0c00000, 0x00000000ed800000)
  object space 135168K, 64% used [0x00000000c8800000,0x00000000cdce3440,0x00000000d0c00000)
 Metaspace       used 29956K, capacity 30226K, committed 30720K, reserved 1075200K
  class space    used 4145K, capacity 4267K, committed 4352K, reserved 1048576K
}

